2023-02-13 15:52:44,374 - INFO - Log directory: ./libcity/log
2023-02-13 15:52:44,374 - INFO - Begin pipeline, task=traffic_state_pred, model_name=TGCN, dataset_name=PEMS_BAY, exp_id=7126
2023-02-13 15:52:44,374 - INFO - {'task': 'traffic_state_pred', 'model': 'TGCN', 'dataset': 'PEMS_BAY', 'saved_model': True, 'train': True, 'seed': 0, 'dataset_class': 'TrafficStatePointDataset', 'executor': 'TrafficStateExecutor', 'evaluator': 'TrafficStateEvaluator', 'rnn_units': 100, 'lambda': 0.0015, 'bidir_adj_mx': True, 'scaler': 'normal', 'load_external': False, 'normal_external': False, 'ext_scaler': 'none', 'add_time_in_day': False, 'add_day_in_week': False, 'max_epoch': 5000, 'learner': 'adam', 'learning_rate': 0.001, 'lr_decay': False, 'clip_grad_norm': False, 'use_early_stop': False, 'batch_size': 64, 'cache_dataset': True, 'num_workers': 0, 'pad_with_last_sample': True, 'train_rate': 0.7, 'eval_rate': 0.1, 'input_window': 12, 'output_window': 12, 'gpu': True, 'gpu_id': 0, 'train_loss': 'none', 'epoch': 0, 'weight_decay': 0, 'lr_epsilon': 1e-08, 'lr_beta1': 0.9, 'lr_beta2': 0.999, 'lr_alpha': 0.99, 'lr_momentum': 0, 'lr_scheduler': 'multisteplr', 'lr_decay_ratio': 0.1, 'steps': [5, 20, 40, 70], 'step_size': 10, 'lr_T_max': 30, 'lr_eta_min': 0, 'lr_patience': 10, 'lr_threshold': 0.0001, 'max_grad_norm': 1.0, 'patience': 50, 'log_level': 'INFO', 'log_every': 1, 'load_best_epoch': True, 'hyper_tune': False, 'metrics': ['MAE', 'MAPE', 'MSE', 'RMSE', 'masked_MAE', 'masked_MAPE', 'masked_MSE', 'masked_RMSE', 'R2', 'EVAR'], 'evaluator_mode': 'single', 'save_mode': ['csv'], 'geo': {'including_types': ['Point'], 'Point': {}}, 'rel': {'including_types': ['geo'], 'geo': {'cost': 'num'}}, 'dyna': {'including_types': ['state'], 'state': {'entity_id': 'geo_id', 'traffic_speed': 'num'}}, 'data_col': ['traffic_speed'], 'weight_col': 'cost', 'data_files': ['PEMS_BAY'], 'geo_file': 'PEMS_BAY', 'rel_file': 'PEMS_BAY', 'output_dim': 1, 'time_intervals': 300, 'init_weight_inf_or_zero': 'inf', 'set_weight_link_or_dist': 'dist', 'calculate_weight_adj': True, 'weight_adj_epsilon': 0.1, 'device': device(type='cuda', index=0), 'exp_id': 7126}
2023-02-13 15:52:44,385 - INFO - Loaded file PEMS_BAY.geo, num_nodes=325
2023-02-13 15:52:44,390 - INFO - load adj_mx1: (137, 137)
2023-02-13 15:52:44,390 - INFO - load afc_mx: (325, 137)
2023-02-13 15:52:44,390 - INFO - Loaded file PEMS_BAY.rel, shape=(325, 325)
2023-02-13 15:52:44,390 - INFO - Loading ./libcity/cache/dataset_cache/point_based_PEMS_BAY_12_12_0.7_0.1_normal_64_False_False_False_True.npz
2023-02-13 15:53:00,111 - INFO - train	x: (36465, 12, 325, 2), y: (36465, 12, 325, 2)
2023-02-13 15:53:00,113 - INFO - eval	x: (5209, 12, 325, 2), y: (5209, 12, 325, 2)
2023-02-13 15:53:00,114 - INFO - test	x: (10419, 12, 325, 2), y: (10419, 12, 325, 2)
2023-02-13 15:53:00,816 - INFO - NormalScaler max: 85.0999999999853
2023-02-13 15:53:00,820 - INFO - NoneScaler
2023-02-13 15:53:15,239 - INFO - TGCN(
  (tgcn_model): TGCNCell()
  (output_model): Linear(in_features=100, out_features=12, bias=True)
)
2023-02-13 15:53:15,240 - INFO - tgcn_model.weights_0	torch.Size([2, 200])	cuda:0	True
2023-02-13 15:53:15,240 - INFO - tgcn_model.weights_1	torch.Size([2, 100])	cuda:0	True
2023-02-13 15:53:15,240 - INFO - tgcn_model.bias_0	torch.Size([200])	cuda:0	True
2023-02-13 15:53:15,240 - INFO - tgcn_model.bias_1	torch.Size([100])	cuda:0	True
2023-02-13 15:53:15,240 - INFO - tgcn_model.weights_01	torch.Size([2, 200])	cuda:0	True
2023-02-13 15:53:15,240 - INFO - tgcn_model.weights_11	torch.Size([2, 100])	cuda:0	True
2023-02-13 15:53:15,240 - INFO - tgcn_model.bias_01	torch.Size([200])	cuda:0	True
2023-02-13 15:53:15,240 - INFO - tgcn_model.bias_11	torch.Size([100])	cuda:0	True
2023-02-13 15:53:15,240 - INFO - output_model.weight	torch.Size([12, 100])	cuda:0	True
2023-02-13 15:53:15,240 - INFO - output_model.bias	torch.Size([12])	cuda:0	True
2023-02-13 15:53:15,240 - INFO - Total parameter numbers: 3012
2023-02-13 15:53:15,240 - INFO - You select `adam` optimizer.
2023-02-13 15:53:15,244 - WARNING - Received none train loss func and will use the loss func defined in the model.
2023-02-13 15:53:15,244 - INFO - Start training ...
2023-02-13 15:53:15,244 - INFO - num_batches:570
2023-02-13 15:53:38,559 - INFO - epoch complete!
2023-02-13 15:53:38,559 - INFO - evaluating now!
2023-02-13 15:53:41,017 - INFO - Epoch [0/5000] train_loss: 92.4133, val_loss: 48.8002, lr: 0.001000, 25.77s
2023-02-13 15:53:41,025 - INFO - Saved model at 0
2023-02-13 15:53:41,025 - INFO - Val loss decrease from inf to 48.8002, saving to ./libcity/cache/7126/model_cache/TGCN_PEMS_BAY_epoch0.tar
2023-02-13 15:54:01,909 - INFO - epoch complete!
2023-02-13 15:54:01,911 - INFO - evaluating now!
2023-02-13 15:54:04,329 - INFO - Epoch [1/5000] train_loss: 39.4745, val_loss: 47.6352, lr: 0.001000, 23.30s
2023-02-13 15:54:04,331 - INFO - Saved model at 1
2023-02-13 15:54:04,331 - INFO - Val loss decrease from 48.8002 to 47.6352, saving to ./libcity/cache/7126/model_cache/TGCN_PEMS_BAY_epoch1.tar
2023-02-13 15:54:25,142 - INFO - epoch complete!
2023-02-13 15:54:25,143 - INFO - evaluating now!
2023-02-13 15:54:27,557 - INFO - Epoch [2/5000] train_loss: 38.0832, val_loss: 46.4081, lr: 0.001000, 23.23s
2023-02-13 15:54:27,559 - INFO - Saved model at 2
2023-02-13 15:54:27,559 - INFO - Val loss decrease from 47.6352 to 46.4081, saving to ./libcity/cache/7126/model_cache/TGCN_PEMS_BAY_epoch2.tar
2023-02-13 15:54:48,724 - INFO - epoch complete!
2023-02-13 15:54:48,724 - INFO - evaluating now!
2023-02-13 15:54:51,196 - INFO - Epoch [3/5000] train_loss: 36.7930, val_loss: 44.3165, lr: 0.001000, 23.64s
2023-02-13 15:54:51,198 - INFO - Saved model at 3
2023-02-13 15:54:51,198 - INFO - Val loss decrease from 46.4081 to 44.3165, saving to ./libcity/cache/7126/model_cache/TGCN_PEMS_BAY_epoch3.tar
2023-02-13 15:55:11,973 - INFO - epoch complete!
2023-02-13 15:55:11,973 - INFO - evaluating now!
2023-02-13 15:55:14,391 - INFO - Epoch [4/5000] train_loss: 35.5343, val_loss: 43.8873, lr: 0.001000, 23.19s
2023-02-13 15:55:14,393 - INFO - Saved model at 4
2023-02-13 15:55:14,393 - INFO - Val loss decrease from 44.3165 to 43.8873, saving to ./libcity/cache/7126/model_cache/TGCN_PEMS_BAY_epoch4.tar
2023-02-13 15:55:35,191 - INFO - epoch complete!
2023-02-13 15:55:35,191 - INFO - evaluating now!
2023-02-13 15:55:37,605 - INFO - Epoch [5/5000] train_loss: 34.3065, val_loss: 41.6222, lr: 0.001000, 23.21s
2023-02-13 15:55:37,608 - INFO - Saved model at 5
2023-02-13 15:55:37,609 - INFO - Val loss decrease from 43.8873 to 41.6222, saving to ./libcity/cache/7126/model_cache/TGCN_PEMS_BAY_epoch5.tar
2023-02-13 15:55:58,365 - INFO - epoch complete!
2023-02-13 15:55:58,365 - INFO - evaluating now!
2023-02-13 15:56:00,828 - INFO - Epoch [6/5000] train_loss: 33.4784, val_loss: 40.0223, lr: 0.001000, 23.22s
2023-02-13 15:56:00,830 - INFO - Saved model at 6
2023-02-13 15:56:00,830 - INFO - Val loss decrease from 41.6222 to 40.0223, saving to ./libcity/cache/7126/model_cache/TGCN_PEMS_BAY_epoch6.tar
2023-02-13 15:56:21,667 - INFO - epoch complete!
2023-02-13 15:56:21,667 - INFO - evaluating now!
2023-02-13 15:56:24,083 - INFO - Epoch [7/5000] train_loss: 32.6267, val_loss: 39.6207, lr: 0.001000, 23.25s
2023-02-13 15:56:24,085 - INFO - Saved model at 7
2023-02-13 15:56:24,085 - INFO - Val loss decrease from 40.0223 to 39.6207, saving to ./libcity/cache/7126/model_cache/TGCN_PEMS_BAY_epoch7.tar
2023-02-13 15:56:44,833 - INFO - epoch complete!
2023-02-13 15:56:44,833 - INFO - evaluating now!
2023-02-13 15:56:47,281 - INFO - Epoch [8/5000] train_loss: 32.0565, val_loss: 38.3956, lr: 0.001000, 23.20s
2023-02-13 15:56:47,283 - INFO - Saved model at 8
2023-02-13 15:56:47,283 - INFO - Val loss decrease from 39.6207 to 38.3956, saving to ./libcity/cache/7126/model_cache/TGCN_PEMS_BAY_epoch8.tar
2023-02-13 15:57:08,045 - INFO - epoch complete!
2023-02-13 15:57:08,045 - INFO - evaluating now!
2023-02-13 15:57:10,467 - INFO - Epoch [9/5000] train_loss: 31.4270, val_loss: 37.5297, lr: 0.001000, 23.18s
2023-02-13 15:57:10,470 - INFO - Saved model at 9
2023-02-13 15:57:10,470 - INFO - Val loss decrease from 38.3956 to 37.5297, saving to ./libcity/cache/7126/model_cache/TGCN_PEMS_BAY_epoch9.tar
2023-02-13 15:57:31,735 - INFO - epoch complete!
2023-02-13 15:57:31,735 - INFO - evaluating now!
2023-02-13 15:57:34,134 - INFO - Epoch [10/5000] train_loss: 31.0219, val_loss: 37.2239, lr: 0.001000, 23.66s
2023-02-13 15:57:34,136 - INFO - Saved model at 10
2023-02-13 15:57:34,136 - INFO - Val loss decrease from 37.5297 to 37.2239, saving to ./libcity/cache/7126/model_cache/TGCN_PEMS_BAY_epoch10.tar
2023-02-13 15:57:54,955 - INFO - epoch complete!
2023-02-13 15:57:54,955 - INFO - evaluating now!
2023-02-13 15:57:57,369 - INFO - Epoch [11/5000] train_loss: 30.5892, val_loss: 36.5257, lr: 0.001000, 23.23s
2023-02-13 15:57:57,371 - INFO - Saved model at 11
2023-02-13 15:57:57,371 - INFO - Val loss decrease from 37.2239 to 36.5257, saving to ./libcity/cache/7126/model_cache/TGCN_PEMS_BAY_epoch11.tar
2023-02-13 15:58:18,227 - INFO - epoch complete!
2023-02-13 15:58:18,227 - INFO - evaluating now!
2023-02-13 15:58:20,644 - INFO - Epoch [12/5000] train_loss: 30.2541, val_loss: 36.9484, lr: 0.001000, 23.27s
2023-02-13 15:58:41,420 - INFO - epoch complete!
2023-02-13 15:58:41,421 - INFO - evaluating now!
2023-02-13 15:58:43,818 - INFO - Epoch [13/5000] train_loss: 29.9223, val_loss: 36.0009, lr: 0.001000, 23.17s
2023-02-13 15:58:43,820 - INFO - Saved model at 13
2023-02-13 15:58:43,820 - INFO - Val loss decrease from 36.5257 to 36.0009, saving to ./libcity/cache/7126/model_cache/TGCN_PEMS_BAY_epoch13.tar
2023-02-13 15:59:04,610 - INFO - epoch complete!
2023-02-13 15:59:04,610 - INFO - evaluating now!
2023-02-13 15:59:07,026 - INFO - Epoch [14/5000] train_loss: 29.5483, val_loss: 36.0791, lr: 0.001000, 23.21s
2023-02-13 15:59:27,832 - INFO - epoch complete!
2023-02-13 15:59:27,833 - INFO - evaluating now!
2023-02-13 15:59:30,230 - INFO - Epoch [15/5000] train_loss: 29.3173, val_loss: 34.9776, lr: 0.001000, 23.20s
2023-02-13 15:59:30,233 - INFO - Saved model at 15
2023-02-13 15:59:30,233 - INFO - Val loss decrease from 36.0009 to 34.9776, saving to ./libcity/cache/7126/model_cache/TGCN_PEMS_BAY_epoch15.tar
2023-02-13 15:59:51,019 - INFO - epoch complete!
2023-02-13 15:59:51,019 - INFO - evaluating now!
2023-02-13 15:59:53,417 - INFO - Epoch [16/5000] train_loss: 28.9649, val_loss: 34.6778, lr: 0.001000, 23.18s
2023-02-13 15:59:53,419 - INFO - Saved model at 16
2023-02-13 15:59:53,420 - INFO - Val loss decrease from 34.9776 to 34.6778, saving to ./libcity/cache/7126/model_cache/TGCN_PEMS_BAY_epoch16.tar
2023-02-13 16:00:14,331 - INFO - epoch complete!
2023-02-13 16:00:14,331 - INFO - evaluating now!
2023-02-13 16:00:16,768 - INFO - Epoch [17/5000] train_loss: 28.6905, val_loss: 34.5999, lr: 0.001000, 23.35s
2023-02-13 16:00:16,770 - INFO - Saved model at 17
2023-02-13 16:00:16,770 - INFO - Val loss decrease from 34.6778 to 34.5999, saving to ./libcity/cache/7126/model_cache/TGCN_PEMS_BAY_epoch17.tar
2023-02-13 16:00:37,572 - INFO - epoch complete!
2023-02-13 16:00:37,572 - INFO - evaluating now!
2023-02-13 16:00:39,973 - INFO - Epoch [18/5000] train_loss: 28.4693, val_loss: 34.1924, lr: 0.001000, 23.20s
2023-02-13 16:00:39,975 - INFO - Saved model at 18
2023-02-13 16:00:39,975 - INFO - Val loss decrease from 34.5999 to 34.1924, saving to ./libcity/cache/7126/model_cache/TGCN_PEMS_BAY_epoch18.tar
2023-02-13 16:01:00,785 - INFO - epoch complete!
2023-02-13 16:01:00,785 - INFO - evaluating now!
2023-02-13 16:01:03,196 - INFO - Epoch [19/5000] train_loss: 28.3173, val_loss: 34.0378, lr: 0.001000, 23.22s
2023-02-13 16:01:03,198 - INFO - Saved model at 19
2023-02-13 16:01:03,198 - INFO - Val loss decrease from 34.1924 to 34.0378, saving to ./libcity/cache/7126/model_cache/TGCN_PEMS_BAY_epoch19.tar
2023-02-13 16:01:24,016 - INFO - epoch complete!
2023-02-13 16:01:24,017 - INFO - evaluating now!
2023-02-13 16:01:26,418 - INFO - Epoch [20/5000] train_loss: 28.1651, val_loss: 34.1246, lr: 0.001000, 23.22s
2023-02-13 16:01:47,218 - INFO - epoch complete!
2023-02-13 16:01:47,218 - INFO - evaluating now!
2023-02-13 16:01:49,617 - INFO - Epoch [21/5000] train_loss: 28.0330, val_loss: 33.6686, lr: 0.001000, 23.20s
2023-02-13 16:01:49,621 - INFO - Saved model at 21
2023-02-13 16:01:49,621 - INFO - Val loss decrease from 34.0378 to 33.6686, saving to ./libcity/cache/7126/model_cache/TGCN_PEMS_BAY_epoch21.tar
2023-02-13 16:02:10,650 - INFO - epoch complete!
2023-02-13 16:02:10,650 - INFO - evaluating now!
2023-02-13 16:02:13,049 - INFO - Epoch [22/5000] train_loss: 27.9499, val_loss: 33.4784, lr: 0.001000, 23.43s
2023-02-13 16:02:13,051 - INFO - Saved model at 22
2023-02-13 16:02:13,051 - INFO - Val loss decrease from 33.6686 to 33.4784, saving to ./libcity/cache/7126/model_cache/TGCN_PEMS_BAY_epoch22.tar
2023-02-13 16:02:33,832 - INFO - epoch complete!
2023-02-13 16:02:33,832 - INFO - evaluating now!
2023-02-13 16:02:36,227 - INFO - Epoch [23/5000] train_loss: 27.8183, val_loss: 33.5319, lr: 0.001000, 23.18s
2023-02-13 16:02:57,008 - INFO - epoch complete!
2023-02-13 16:02:57,008 - INFO - evaluating now!
2023-02-13 16:02:59,452 - INFO - Epoch [24/5000] train_loss: 27.7090, val_loss: 34.2669, lr: 0.001000, 23.22s
2023-02-13 16:03:20,670 - INFO - epoch complete!
2023-02-13 16:03:20,671 - INFO - evaluating now!
2023-02-13 16:03:23,088 - INFO - Epoch [25/5000] train_loss: 27.6760, val_loss: 35.7193, lr: 0.001000, 23.64s
2023-02-13 16:03:43,868 - INFO - epoch complete!
2023-02-13 16:03:43,868 - INFO - evaluating now!
2023-02-13 16:03:46,287 - INFO - Epoch [26/5000] train_loss: 27.5488, val_loss: 33.0973, lr: 0.001000, 23.20s
2023-02-13 16:03:46,290 - INFO - Saved model at 26
2023-02-13 16:03:46,290 - INFO - Val loss decrease from 33.4784 to 33.0973, saving to ./libcity/cache/7126/model_cache/TGCN_PEMS_BAY_epoch26.tar
2023-02-13 16:04:07,174 - INFO - epoch complete!
2023-02-13 16:04:07,176 - INFO - evaluating now!
2023-02-13 16:04:09,577 - INFO - Epoch [27/5000] train_loss: 27.5259, val_loss: 33.9985, lr: 0.001000, 23.29s
2023-02-13 16:04:30,393 - INFO - epoch complete!
2023-02-13 16:04:30,393 - INFO - evaluating now!
2023-02-13 16:04:32,794 - INFO - Epoch [28/5000] train_loss: 27.4755, val_loss: 33.5846, lr: 0.001000, 23.22s
2023-02-13 16:04:53,597 - INFO - epoch complete!
2023-02-13 16:04:53,599 - INFO - evaluating now!
2023-02-13 16:04:56,015 - INFO - Epoch [29/5000] train_loss: 27.3156, val_loss: 32.8645, lr: 0.001000, 23.22s
2023-02-13 16:04:56,020 - INFO - Saved model at 29
2023-02-13 16:04:56,020 - INFO - Val loss decrease from 33.0973 to 32.8645, saving to ./libcity/cache/7126/model_cache/TGCN_PEMS_BAY_epoch29.tar
2023-02-13 16:05:17,537 - INFO - epoch complete!
2023-02-13 16:05:17,539 - INFO - evaluating now!
2023-02-13 16:05:19,939 - INFO - Epoch [30/5000] train_loss: 27.3966, val_loss: 32.7832, lr: 0.001000, 23.92s
2023-02-13 16:05:19,941 - INFO - Saved model at 30
2023-02-13 16:05:19,941 - INFO - Val loss decrease from 32.8645 to 32.7832, saving to ./libcity/cache/7126/model_cache/TGCN_PEMS_BAY_epoch30.tar
2023-02-13 16:05:40,745 - INFO - epoch complete!
2023-02-13 16:05:40,746 - INFO - evaluating now!
2023-02-13 16:05:43,146 - INFO - Epoch [31/5000] train_loss: 27.2822, val_loss: 32.9142, lr: 0.001000, 23.20s
