2023-02-13 15:48:05,765 - INFO - Log directory: ./libcity/log
2023-02-13 15:48:05,765 - INFO - Begin pipeline, task=traffic_state_pred, model_name=TGCN, dataset_name=PEMS_BAY, exp_id=21520
2023-02-13 15:48:05,765 - INFO - {'task': 'traffic_state_pred', 'model': 'TGCN', 'dataset': 'PEMS_BAY', 'saved_model': True, 'train': True, 'seed': 0, 'dataset_class': 'TrafficStatePointDataset', 'executor': 'TrafficStateExecutor', 'evaluator': 'TrafficStateEvaluator', 'rnn_units': 100, 'lambda': 0.0015, 'bidir_adj_mx': True, 'scaler': 'normal', 'load_external': False, 'normal_external': False, 'ext_scaler': 'none', 'add_time_in_day': False, 'add_day_in_week': False, 'max_epoch': 5000, 'learner': 'adam', 'learning_rate': 0.001, 'lr_decay': False, 'clip_grad_norm': False, 'use_early_stop': False, 'batch_size': 64, 'cache_dataset': True, 'num_workers': 0, 'pad_with_last_sample': True, 'train_rate': 0.7, 'eval_rate': 0.1, 'input_window': 12, 'output_window': 12, 'gpu': True, 'gpu_id': 0, 'train_loss': 'none', 'epoch': 0, 'weight_decay': 0, 'lr_epsilon': 1e-08, 'lr_beta1': 0.9, 'lr_beta2': 0.999, 'lr_alpha': 0.99, 'lr_momentum': 0, 'lr_scheduler': 'multisteplr', 'lr_decay_ratio': 0.1, 'steps': [5, 20, 40, 70], 'step_size': 10, 'lr_T_max': 30, 'lr_eta_min': 0, 'lr_patience': 10, 'lr_threshold': 0.0001, 'max_grad_norm': 1.0, 'patience': 50, 'log_level': 'INFO', 'log_every': 1, 'load_best_epoch': True, 'hyper_tune': False, 'metrics': ['MAE', 'MAPE', 'MSE', 'RMSE', 'masked_MAE', 'masked_MAPE', 'masked_MSE', 'masked_RMSE', 'R2', 'EVAR'], 'evaluator_mode': 'single', 'save_mode': ['csv'], 'geo': {'including_types': ['Point'], 'Point': {}}, 'rel': {'including_types': ['geo'], 'geo': {'cost': 'num'}}, 'dyna': {'including_types': ['state'], 'state': {'entity_id': 'geo_id', 'traffic_speed': 'num'}}, 'data_col': ['traffic_speed'], 'weight_col': 'cost', 'data_files': ['PEMS_BAY'], 'geo_file': 'PEMS_BAY', 'rel_file': 'PEMS_BAY', 'output_dim': 1, 'time_intervals': 300, 'init_weight_inf_or_zero': 'inf', 'set_weight_link_or_dist': 'dist', 'calculate_weight_adj': True, 'weight_adj_epsilon': 0.1, 'device': device(type='cuda', index=0), 'exp_id': 21520}
2023-02-13 15:48:05,777 - INFO - Loaded file PEMS_BAY.geo, num_nodes=325
2023-02-13 15:48:05,782 - INFO - load adj_mx1: (137, 137)
2023-02-13 15:48:05,782 - INFO - load afc_mx: (325, 137)
2023-02-13 15:48:05,782 - INFO - Loaded file PEMS_BAY.rel, shape=(325, 325)
2023-02-13 15:48:05,782 - INFO - Loading ./libcity/cache/dataset_cache/point_based_PEMS_BAY_12_12_0.7_0.1_normal_64_False_False_False_True.npz
2023-02-13 15:48:21,522 - INFO - train	x: (36465, 12, 325, 2), y: (36465, 12, 325, 2)
2023-02-13 15:48:21,522 - INFO - eval	x: (5209, 12, 325, 2), y: (5209, 12, 325, 2)
2023-02-13 15:48:21,522 - INFO - test	x: (10419, 12, 325, 2), y: (10419, 12, 325, 2)
2023-02-13 15:48:22,226 - INFO - NormalScaler max: 85.0999999999853
2023-02-13 15:48:22,226 - INFO - NoneScaler
2023-02-13 15:48:36,687 - INFO - TGCN(
  (tgcn_model): TGCNCell()
  (output_model): Linear(in_features=100, out_features=12, bias=True)
)
2023-02-13 15:48:36,688 - INFO - tgcn_model.weights_0	torch.Size([2, 200])	cuda:0	True
2023-02-13 15:48:36,688 - INFO - tgcn_model.weights_1	torch.Size([2, 100])	cuda:0	True
2023-02-13 15:48:36,688 - INFO - tgcn_model.bias_0	torch.Size([200])	cuda:0	True
2023-02-13 15:48:36,688 - INFO - tgcn_model.bias_1	torch.Size([100])	cuda:0	True
2023-02-13 15:48:36,688 - INFO - tgcn_model.weights_01	torch.Size([2, 200])	cuda:0	True
2023-02-13 15:48:36,688 - INFO - tgcn_model.weights_11	torch.Size([2, 100])	cuda:0	True
2023-02-13 15:48:36,688 - INFO - tgcn_model.bias_01	torch.Size([200])	cuda:0	True
2023-02-13 15:48:36,688 - INFO - tgcn_model.bias_11	torch.Size([100])	cuda:0	True
2023-02-13 15:48:36,688 - INFO - output_model.weight	torch.Size([12, 100])	cuda:0	True
2023-02-13 15:48:36,688 - INFO - output_model.bias	torch.Size([12])	cuda:0	True
2023-02-13 15:48:36,688 - INFO - Total parameter numbers: 3012
2023-02-13 15:48:36,692 - INFO - You select `adam` optimizer.
2023-02-13 15:48:36,692 - WARNING - Received none train loss func and will use the loss func defined in the model.
2023-02-13 15:48:36,692 - INFO - Start training ...
2023-02-13 15:48:36,692 - INFO - num_batches:570
